<?xml version="1.0" encoding="UTF-8"?>
<testsuite name="RandomTests" tests="1" skipped="0" failures="0" errors="0" timestamp="2019-07-18T11:38:29" hostname="WRO1-LDL-P11456" time="1.847">
  <properties/>
  <testcase name="baseTest10" classname="RandomTests" time="1.847"/>
  <system-out><![CDATA[Hibernate: select nextval ('hibernate_sequence')
Hibernate: select nextval ('hibernate_sequence')
Hibernate: select nextval ('hibernate_sequence')
Hibernate: select nextval ('hibernate_sequence')
Hibernate: select nextval ('hibernate_sequence')
Hibernate: select nextval ('hibernate_sequence')
Hibernate: select nextval ('hibernate_sequence')
Hibernate: select nextval ('hibernate_sequence')
Hibernate: select nextval ('hibernate_sequence')
Hibernate: select nextval ('hibernate_sequence')
Hibernate: select nextval ('hibernate_sequence')
Hibernate: select nextval ('hibernate_sequence')
Hibernate: select nextval ('hibernate_sequence')
Hibernate: select nextval ('hibernate_sequence')
Hibernate: select nextval ('hibernate_sequence')
Hibernate: select nextval ('hibernate_sequence')
Hibernate: select nextval ('hibernate_sequence')
Hibernate: select nextval ('hibernate_sequence')
Hibernate: select nextval ('hibernate_sequence')
Hibernate: select nextval ('hibernate_sequence')
Hibernate: select nextval ('hibernate_sequence')
Hibernate: select nextval ('hibernate_sequence')
Hibernate: select nextval ('hibernate_sequence')
Hibernate: select nextval ('hibernate_sequence')
Hibernate: select nextval ('hibernate_sequence')
Hibernate: select nextval ('hibernate_sequence')
Hibernate: select nextval ('hibernate_sequence')
Hibernate: select nextval ('hibernate_sequence')
Hibernate: select nextval ('hibernate_sequence')
Hibernate: select nextval ('hibernate_sequence')
Hibernate: insert into Traveler (full_name, passport_number, id) values (?, ?, ?)
Hibernate: insert into EPassDetails (kind, e_pass_status, traveler_id, type, end_date, start_date, id) values (?, ?, ?, ?, ?, ?, ?)
Hibernate: insert into Ticket (activation_date, e_pass_id, validity_date, validity_state, id) values (?, ?, ?, ?, ?)
Hibernate: insert into Traveler (full_name, passport_number, id) values (?, ?, ?)
Hibernate: insert into EPassDetails (kind, e_pass_status, traveler_id, type, end_date, start_date, id) values (?, ?, ?, ?, ?, ?, ?)
Hibernate: insert into Ticket (activation_date, e_pass_id, validity_date, validity_state, id) values (?, ?, ?, ?, ?)
Hibernate: insert into Traveler (full_name, passport_number, id) values (?, ?, ?)
Hibernate: insert into EPassDetails (kind, e_pass_status, traveler_id, type, end_date, start_date, id) values (?, ?, ?, ?, ?, ?, ?)
Hibernate: insert into Ticket (activation_date, e_pass_id, validity_date, validity_state, id) values (?, ?, ?, ?, ?)
Hibernate: insert into Traveler (full_name, passport_number, id) values (?, ?, ?)
Hibernate: insert into EPassDetails (kind, e_pass_status, traveler_id, type, end_date, start_date, id) values (?, ?, ?, ?, ?, ?, ?)
Hibernate: insert into Ticket (activation_date, e_pass_id, validity_date, validity_state, id) values (?, ?, ?, ?, ?)
Hibernate: insert into Traveler (full_name, passport_number, id) values (?, ?, ?)
Hibernate: insert into EPassDetails (kind, e_pass_status, traveler_id, type, end_date, start_date, id) values (?, ?, ?, ?, ?, ?, ?)
Hibernate: insert into Ticket (activation_date, e_pass_id, validity_date, validity_state, id) values (?, ?, ?, ?, ?)
Hibernate: insert into Traveler (full_name, passport_number, id) values (?, ?, ?)
Hibernate: insert into EPassDetails (kind, e_pass_status, traveler_id, type, end_date, start_date, id) values (?, ?, ?, ?, ?, ?, ?)
Hibernate: insert into Ticket (activation_date, e_pass_id, validity_date, validity_state, id) values (?, ?, ?, ?, ?)
Hibernate: insert into Traveler (full_name, passport_number, id) values (?, ?, ?)
Hibernate: insert into EPassDetails (kind, e_pass_status, traveler_id, type, end_date, start_date, id) values (?, ?, ?, ?, ?, ?, ?)
Hibernate: insert into Ticket (activation_date, e_pass_id, validity_date, validity_state, id) values (?, ?, ?, ?, ?)
Hibernate: insert into Traveler (full_name, passport_number, id) values (?, ?, ?)
Hibernate: insert into EPassDetails (kind, e_pass_status, traveler_id, type, end_date, start_date, id) values (?, ?, ?, ?, ?, ?, ?)
Hibernate: insert into Ticket (activation_date, e_pass_id, validity_date, validity_state, id) values (?, ?, ?, ?, ?)
Hibernate: insert into Traveler (full_name, passport_number, id) values (?, ?, ?)
Hibernate: insert into EPassDetails (kind, e_pass_status, traveler_id, type, end_date, start_date, id) values (?, ?, ?, ?, ?, ?, ?)
Hibernate: insert into Ticket (activation_date, e_pass_id, validity_date, validity_state, id) values (?, ?, ?, ?, ?)
Hibernate: insert into Traveler (full_name, passport_number, id) values (?, ?, ?)
Hibernate: insert into EPassDetails (kind, e_pass_status, traveler_id, type, end_date, start_date, id) values (?, ?, ?, ?, ?, ?, ?)
Hibernate: insert into Ticket (activation_date, e_pass_id, validity_date, validity_state, id) values (?, ?, ?, ?, ?)
]]></system-out>
  <system-err><![CDATA[Jul 18, 2019 1:38:29 PM org.hibernate.Version logVersion
INFO: HHH000412: Hibernate Core {5.4.3.Final}
Jul 18, 2019 1:38:30 PM org.hibernate.annotations.common.reflection.java.JavaReflectionManager <clinit>
INFO: HCANN000001: Hibernate Commons Annotations {5.1.0.Final}
Jul 18, 2019 1:38:30 PM org.hibernate.engine.jdbc.connections.internal.DriverManagerConnectionProviderImpl configure
WARN: HHH10001002: Using Hibernate built-in connection pool (not for production use!)
Jul 18, 2019 1:38:30 PM org.hibernate.engine.jdbc.connections.internal.DriverManagerConnectionProviderImpl buildCreator
INFO: HHH10001005: using driver [org.postgresql.Driver] at URL [jdbc:postgresql://localhost:5432/ticketsbase]
Jul 18, 2019 1:38:30 PM org.hibernate.engine.jdbc.connections.internal.DriverManagerConnectionProviderImpl buildCreator
INFO: HHH10001001: Connection properties: {password=****, user=postgres}
Jul 18, 2019 1:38:30 PM org.hibernate.engine.jdbc.connections.internal.DriverManagerConnectionProviderImpl buildCreator
INFO: HHH10001003: Autocommit mode: false
Jul 18, 2019 1:38:30 PM org.hibernate.engine.jdbc.connections.internal.DriverManagerConnectionProviderImpl$PooledConnections <init>
INFO: HHH000115: Hibernate connection pool size: 1 (min=1)
Jul 18, 2019 1:38:30 PM org.hibernate.dialect.Dialect <init>
INFO: HHH000400: Using dialect: org.hibernate.dialect.PostgreSQL10Dialect
Jul 18, 2019 1:38:31 PM org.hibernate.resource.transaction.backend.jdbc.internal.DdlTransactionIsolatorNonJtaImpl getIsolatedConnection
INFO: HHH10001501: Connection obtained from JdbcConnectionAccess [org.hibernate.engine.jdbc.env.internal.JdbcEnvironmentInitiator$ConnectionProviderJdbcConnectionAccess@5d518af2] for (non-JTA) DDL execution was not in auto-commit mode; the Connection 'local transaction' will be committed and the Connection will be set into auto-commit mode.
]]></system-err>
</testsuite>
