<?xml version="1.0" encoding="UTF-8"?>
<testsuite name="RandomTests" tests="1" skipped="0" failures="0" errors="0" timestamp="2019-07-23T07:30:25" hostname="WRO1-LDL-P11456" time="0.009">
  <properties/>
  <testcase name="readingTravelerTest" classname="RandomTests" time="0.009"/>
  <system-out><![CDATA[Donald
Duck
A1B2C3D4
France Mobile Pass
1st class Senior 
]]></system-out>
  <system-err><![CDATA[]]></system-err>
</testsuite>
